[2020-03-23 21:20:06.147] [exthost] [info] extension host started
[2020-03-23 21:20:06.147] [exthost] [info] extension host started
[2020-03-23 21:20:06.286] [exthost] [info] ExtensionService#_doActivateExtension HookyQR.beautify {"startup":true,"activationEvent":"*"}
[2020-03-23 21:20:06.286] [exthost] [info] ExtensionService#loadCommonJSModule /home/akhil/.p2/pool/plugins/pack.core.linux_3.6.0.201910290238/HookyQR.beautify-1.4.11/extension
[2020-03-23 21:20:07.450] [exthost] [info] ExtensionService#_doActivateExtension christian-kohler.path-intellisense {"startup":true,"activationEvent":"*"}
[2020-03-23 21:20:07.450] [exthost] [info] ExtensionService#loadCommonJSModule /home/akhil/.p2/pool/plugins/pack.core.linux_3.6.0.201910290238/christian-kohler.path-intellisense-1.4.2/out/src/extension
[2020-03-23 21:20:07.546] [exthost] [info] ExtensionService#_doActivateExtension dbaeumer.vscode-eslint {"startup":true,"activationEvent":"*"}
[2020-03-23 21:20:07.546] [exthost] [info] ExtensionService#loadCommonJSModule /home/akhil/.p2/pool/plugins/pack.core.linux_3.6.0.201910290238/dbaeumer.vscode-eslint-1.9.0/client/out/extension
[2020-03-23 21:20:07.627] [exthost] [info] ExtensionService#_doActivateExtension vscode.debug-auto-launch {"startup":true,"activationEvent":"*"}
[2020-03-23 21:20:07.627] [exthost] [info] ExtensionService#loadCommonJSModule /home/akhil/.p2/pool/plugins/com.genuitec.eclipse.code.engine.app.linux.x86_64_3.6.0.201910290238/engine/resources/app/extensions/debug-auto-launch/dist/extension
[2020-03-23 21:20:07.663] [exthost] [info] ExtensionService#_doActivateExtension vscode.emmet {"startup":true,"activationEvent":"*"}
[2020-03-23 21:20:07.663] [exthost] [info] ExtensionService#loadCommonJSModule /home/akhil/.p2/pool/plugins/com.genuitec.eclipse.code.engine.app.linux.x86_64_3.6.0.201910290238/engine/resources/app/extensions/emmet/dist/extension
[2020-03-23 21:20:07.721] [exthost] [info] ExtensionService#_doActivateExtension formulahendry.auto-close-tag {"startup":true,"activationEvent":"*"}
[2020-03-23 21:20:07.721] [exthost] [info] ExtensionService#loadCommonJSModule /home/akhil/.p2/pool/plugins/pack.core.linux_3.6.0.201910290238/formulahendry.auto-close-tag-0.5.6/out/src/extension
[2020-03-23 21:20:07.764] [exthost] [info] ExtensionService#_doActivateExtension vscode.configuration-editing {"startup":false,"activationEvent":"onLanguage:jsonc"}
[2020-03-23 21:20:07.764] [exthost] [info] ExtensionService#loadCommonJSModule /home/akhil/.p2/pool/plugins/com.genuitec.eclipse.code.engine.app.linux.x86_64_3.6.0.201910290238/engine/resources/app/extensions/configuration-editing/dist/extension
[2020-03-23 21:20:07.820] [exthost] [info] ExtensionService#_doActivateExtension vscode.json-language-features {"startup":false,"activationEvent":"onLanguage:jsonc"}
[2020-03-23 21:20:07.820] [exthost] [info] ExtensionService#loadCommonJSModule /home/akhil/.p2/pool/plugins/com.genuitec.eclipse.code.engine.app.linux.x86_64_3.6.0.201910290238/engine/resources/app/extensions/json-language-features/client/dist/jsonMain
[2020-03-23 21:20:08.060] [exthost] [info] ExtensionService#_doActivateExtension vscode.typescript-language-features {"startup":false,"activationEvent":"onLanguage:jsonc"}
[2020-03-23 21:20:08.060] [exthost] [info] ExtensionService#loadCommonJSModule /home/akhil/.p2/pool/plugins/com.genuitec.eclipse.code.engine.app.linux.x86_64_3.6.0.201910290238/engine/resources/app/extensions/typescript-language-features/dist/extension
[2020-03-23 21:20:08.206] [exthost] [info] ExtensionService#_doActivateExtension vscode.grunt {"startup":false,"activationEvent":"onCommand:workbench.action.tasks.runTask"}
[2020-03-23 21:20:08.206] [exthost] [info] ExtensionService#loadCommonJSModule /home/akhil/.p2/pool/plugins/com.genuitec.eclipse.code.engine.app.linux.x86_64_3.6.0.201910290238/engine/resources/app/extensions/grunt/dist/main
[2020-03-23 21:20:08.236] [exthost] [info] ExtensionService#_doActivateExtension vscode.gulp {"startup":false,"activationEvent":"onCommand:workbench.action.tasks.runTask"}
[2020-03-23 21:20:08.236] [exthost] [info] ExtensionService#loadCommonJSModule /home/akhil/.p2/pool/plugins/com.genuitec.eclipse.code.engine.app.linux.x86_64_3.6.0.201910290238/engine/resources/app/extensions/gulp/dist/main
[2020-03-23 21:20:08.275] [exthost] [info] ExtensionService#_doActivateExtension vscode.jake {"startup":false,"activationEvent":"onCommand:workbench.action.tasks.runTask"}
[2020-03-23 21:20:08.275] [exthost] [info] ExtensionService#loadCommonJSModule /home/akhil/.p2/pool/plugins/com.genuitec.eclipse.code.engine.app.linux.x86_64_3.6.0.201910290238/engine/resources/app/extensions/jake/dist/main
[2020-03-23 21:20:08.313] [exthost] [info] ExtensionService#_doActivateExtension vscode.npm {"startup":false,"activationEvent":"onCommand:workbench.action.tasks.runTask"}
[2020-03-23 21:20:08.313] [exthost] [info] ExtensionService#loadCommonJSModule /home/akhil/.p2/pool/plugins/com.genuitec.eclipse.code.engine.app.linux.x86_64_3.6.0.201910290238/engine/resources/app/extensions/npm/dist/main
[2020-03-23 21:20:08.375] [exthost] [info] eager extensions activated
